<?xml version="1.0" encoding="UTF-8"?>
<!-- Generated by org.testng.reporters.JUnitReportReporter -->
<testsuite hostname="IN-PG02NMB7" failures="0" tests="3" name="testSuite.TestScenarios" time="8.590" errors="0" timestamp="2024-10-13T14:26:12 IST" skipped="0">
  <testcase classname="testSuite.TestScenarios" name="verifyHomePageTitle" time="0.676"/>
  <system-out/>
  <testcase classname="testSuite.TestScenarios" name="verifyGovtBuses" time="1.945"/>
  <system-out/>
  <testcase classname="testSuite.TestScenarios" name="verifySearchBuses" time="5.969"/>
  <system-out/>
</testsuite> <!-- testSuite.TestScenarios -->
